{"C:\\Users\\PRIYANSHU\\devops-pipeline\\src\\index.js": {"path":"C:\\Users\\PRIYANSHU\\devops-pipeline\\src\\index.js","statementMap":{"0":{"start":{"line":1,"column":0},"end":{"line":1,"column":27}},"1":{"start":{"line":2,"column":16},"end":{"line":2,"column":34}},"2":{"start":{"line":3,"column":15},"end":{"line":3,"column":32}},"3":{"start":{"line":4,"column":13},"end":{"line":4,"column":28}},"4":{"start":{"line":5,"column":20},"end":{"line":5,"column":42}},"5":{"start":{"line":6,"column":25},"end":{"line":6,"column":53}},"6":{"start":{"line":7,"column":26},"end":{"line":7,"column":55}},"7":{"start":{"line":8,"column":15},"end":{"line":8,"column":41}},"8":{"start":{"line":11,"column":19},"end":{"line":11,"column":43}},"9":{"start":{"line":12,"column":18},"end":{"line":12,"column":41}},"10":{"start":{"line":14,"column":12},"end":{"line":14,"column":21}},"11":{"start":{"line":15,"column":13},"end":{"line":15,"column":37}},"12":{"start":{"line":18,"column":14},"end":{"line":22,"column":1}},"13":{"start":{"line":25,"column":0},"end":{"line":34,"column":4}},"14":{"start":{"line":35,"column":0},"end":{"line":35,"column":16}},"15":{"start":{"line":36,"column":0},"end":{"line":36,"column":23}},"16":{"start":{"line":37,"column":0},"end":{"line":37,"column":41}},"17":{"start":{"line":38,"column":0},"end":{"line":38,"column":63}},"18":{"start":{"line":41,"column":0},"end":{"line":62,"column":3}},"19":{"start":{"line":42,"column":16},"end":{"line":42,"column":26}},"20":{"start":{"line":43,"column":2},"end":{"line":43,"column":21}},"21":{"start":{"line":45,"column":2},"end":{"line":59,"column":5}},"22":{"start":{"line":46,"column":21},"end":{"line":46,"column":39}},"23":{"start":{"line":47,"column":4},"end":{"line":49,"column":5}},"24":{"start":{"line":48,"column":6},"end":{"line":48,"column":23}},"25":{"start":{"line":51,"column":4},"end":{"line":58,"column":7}},"26":{"start":{"line":61,"column":2},"end":{"line":61,"column":9}},"27":{"start":{"line":65,"column":0},"end":{"line":82,"column":3}},"28":{"start":{"line":66,"column":2},"end":{"line":81,"column":5}},"29":{"start":{"line":84,"column":0},"end":{"line":100,"column":3}},"30":{"start":{"line":85,"column":23},"end":{"line":97,"column":3}},"31":{"start":{"line":99,"column":2},"end":{"line":99,"column":37}},"32":{"start":{"line":103,"column":0},"end":{"line":138,"column":3}},"33":{"start":{"line":104,"column":17},"end":{"line":104,"column":68}},"34":{"start":{"line":105,"column":17},"end":{"line":105,"column":38}},"35":{"start":{"line":107,"column":28},"end":{"line":134,"column":1}},"36":{"start":{"line":136,"column":2},"end":{"line":136,"column":40}},"37":{"start":{"line":137,"column":2},"end":{"line":137,"column":37}},"38":{"start":{"line":141,"column":0},"end":{"line":141,"column":29}},"39":{"start":{"line":142,"column":0},"end":{"line":142,"column":27}},"40":{"start":{"line":145,"column":0},"end":{"line":152,"column":3}},"41":{"start":{"line":146,"column":2},"end":{"line":146,"column":40}},"42":{"start":{"line":147,"column":2},"end":{"line":147,"column":19}},"43":{"start":{"line":148,"column":2},"end":{"line":151,"column":5}},"44":{"start":{"line":155,"column":0},"end":{"line":161,"column":3}},"45":{"start":{"line":156,"column":2},"end":{"line":160,"column":5}},"46":{"start":{"line":164,"column":20},"end":{"line":197,"column":1}},"47":{"start":{"line":165,"column":2},"end":{"line":196,"column":3}},"48":{"start":{"line":167,"column":4},"end":{"line":167,"column":25}},"49":{"start":{"line":170,"column":4},"end":{"line":170,"column":26}},"50":{"start":{"line":173,"column":19},"end":{"line":179,"column":6}},"51":{"start":{"line":174,"column":6},"end":{"line":174,"column":56}},"52":{"start":{"line":175,"column":6},"end":{"line":175,"column":71}},"53":{"start":{"line":176,"column":6},"end":{"line":176,"column":67}},"54":{"start":{"line":177,"column":6},"end":{"line":177,"column":65}},"55":{"start":{"line":178,"column":6},"end":{"line":178,"column":79}},"56":{"start":{"line":182,"column":29},"end":{"line":188,"column":5}},"57":{"start":{"line":183,"column":6},"end":{"line":183,"column":66}},"58":{"start":{"line":184,"column":6},"end":{"line":187,"column":9}},"59":{"start":{"line":185,"column":8},"end":{"line":185,"column":42}},"60":{"start":{"line":186,"column":8},"end":{"line":186,"column":24}},"61":{"start":{"line":190,"column":4},"end":{"line":190,"column":61}},"62":{"start":{"line":190,"column":32},"end":{"line":190,"column":59}},"63":{"start":{"line":191,"column":4},"end":{"line":191,"column":59}},"64":{"start":{"line":191,"column":31},"end":{"line":191,"column":57}},"65":{"start":{"line":194,"column":4},"end":{"line":194,"column":51}},"66":{"start":{"line":195,"column":4},"end":{"line":195,"column":20}},"67":{"start":{"line":200,"column":0},"end":{"line":202,"column":1}},"68":{"start":{"line":201,"column":2},"end":{"line":201,"column":16}},"69":{"start":{"line":204,"column":0},"end":{"line":204,"column":21}}},"fnMap":{"0":{"name":"(anonymous_0)","decl":{"start":{"line":41,"column":8},"end":{"line":41,"column":9}},"loc":{"start":{"line":41,"column":28},"end":{"line":62,"column":1}},"line":41},"1":{"name":"(anonymous_1)","decl":{"start":{"line":45,"column":19},"end":{"line":45,"column":20}},"loc":{"start":{"line":45,"column":25},"end":{"line":59,"column":3}},"line":45},"2":{"name":"(anonymous_2)","decl":{"start":{"line":65,"column":13},"end":{"line":65,"column":14}},"loc":{"start":{"line":65,"column":27},"end":{"line":82,"column":1}},"line":65},"3":{"name":"(anonymous_3)","decl":{"start":{"line":84,"column":19},"end":{"line":84,"column":20}},"loc":{"start":{"line":84,"column":33},"end":{"line":100,"column":1}},"line":84},"4":{"name":"(anonymous_4)","decl":{"start":{"line":103,"column":20},"end":{"line":103,"column":21}},"loc":{"start":{"line":103,"column":34},"end":{"line":138,"column":1}},"line":103},"5":{"name":"(anonymous_5)","decl":{"start":{"line":145,"column":8},"end":{"line":145,"column":9}},"loc":{"start":{"line":145,"column":33},"end":{"line":152,"column":1}},"line":145},"6":{"name":"(anonymous_6)","decl":{"start":{"line":155,"column":13},"end":{"line":155,"column":14}},"loc":{"start":{"line":155,"column":27},"end":{"line":161,"column":1}},"line":155},"7":{"name":"(anonymous_7)","decl":{"start":{"line":164,"column":20},"end":{"line":164,"column":21}},"loc":{"start":{"line":164,"column":32},"end":{"line":197,"column":1}},"line":164},"8":{"name":"(anonymous_8)","decl":{"start":{"line":173,"column":36},"end":{"line":173,"column":37}},"loc":{"start":{"line":173,"column":42},"end":{"line":179,"column":5}},"line":173},"9":{"name":"(anonymous_9)","decl":{"start":{"line":182,"column":29},"end":{"line":182,"column":30}},"loc":{"start":{"line":182,"column":41},"end":{"line":188,"column":5}},"line":182},"10":{"name":"(anonymous_10)","decl":{"start":{"line":184,"column":19},"end":{"line":184,"column":20}},"loc":{"start":{"line":184,"column":25},"end":{"line":187,"column":7}},"line":184},"11":{"name":"(anonymous_11)","decl":{"start":{"line":190,"column":26},"end":{"line":190,"column":27}},"loc":{"start":{"line":190,"column":32},"end":{"line":190,"column":59}},"line":190},"12":{"name":"(anonymous_12)","decl":{"start":{"line":191,"column":25},"end":{"line":191,"column":26}},"loc":{"start":{"line":191,"column":31},"end":{"line":191,"column":57}},"line":191}},"branchMap":{"0":{"loc":{"start":{"line":15,"column":13},"end":{"line":15,"column":37}},"type":"binary-expr","locations":[{"start":{"line":15,"column":13},"end":{"line":15,"column":29}},{"start":{"line":15,"column":33},"end":{"line":15,"column":37}}],"line":15},"1":{"loc":{"start":{"line":47,"column":4},"end":{"line":49,"column":5}},"type":"if","locations":[{"start":{"line":47,"column":4},"end":{"line":49,"column":5}},{"start":{},"end":{}}],"line":47},"2":{"loc":{"start":{"line":70,"column":17},"end":{"line":70,"column":54}},"type":"binary-expr","locations":[{"start":{"line":70,"column":17},"end":{"line":70,"column":37}},{"start":{"line":70,"column":41},"end":{"line":70,"column":54}}],"line":70},"3":{"loc":{"start":{"line":90,"column":17},"end":{"line":90,"column":54}},"type":"binary-expr","locations":[{"start":{"line":90,"column":17},"end":{"line":90,"column":37}},{"start":{"line":90,"column":41},"end":{"line":90,"column":54}}],"line":90},"4":{"loc":{"start":{"line":133,"column":40},"end":{"line":133,"column":77}},"type":"binary-expr","locations":[{"start":{"line":133,"column":40},"end":{"line":133,"column":60}},{"start":{"line":133,"column":64},"end":{"line":133,"column":77}}],"line":133},"5":{"loc":{"start":{"line":178,"column":38},"end":{"line":178,"column":75}},"type":"binary-expr","locations":[{"start":{"line":178,"column":38},"end":{"line":178,"column":58}},{"start":{"line":178,"column":62},"end":{"line":178,"column":75}}],"line":178},"6":{"loc":{"start":{"line":200,"column":0},"end":{"line":202,"column":1}},"type":"if","locations":[{"start":{"line":200,"column":0},"end":{"line":202,"column":1}},{"start":{},"end":{}}],"line":200}},"s":{"0":1,"1":1,"2":1,"3":1,"4":1,"5":1,"6":1,"7":1,"8":1,"9":1,"10":1,"11":1,"12":1,"13":1,"14":1,"15":1,"16":1,"17":1,"18":1,"19":4,"20":4,"21":4,"22":4,"23":4,"24":1,"25":4,"26":4,"27":1,"28":1,"29":1,"30":1,"31":1,"32":1,"33":1,"34":1,"35":1,"36":1,"37":1,"38":1,"39":1,"40":1,"41":0,"42":0,"43":0,"44":1,"45":1,"46":1,"47":0,"48":0,"49":0,"50":0,"51":0,"52":0,"53":0,"54":0,"55":0,"56":0,"57":0,"58":0,"59":0,"60":0,"61":0,"62":0,"63":0,"64":0,"65":0,"66":0,"67":1,"68":0,"69":1},"f":{"0":4,"1":4,"2":1,"3":1,"4":1,"5":0,"6":1,"7":0,"8":0,"9":0,"10":0,"11":0,"12":0},"b":{"0":[1,0],"1":[1,3],"2":[1,0],"3":[1,0],"4":[1,0],"5":[0,0],"6":[0,1]},"_coverageSchema":"1a1c01bbd47fc00a2c39e90264f33305004495a9","hash":"d1fbfec8f9659d4d54c9d781007922e6ccd6fbe0"}
,"C:\\Users\\PRIYANSHU\\devops-pipeline\\src\\controllers\\authController.js": {"path":"C:\\Users\\PRIYANSHU\\devops-pipeline\\src\\controllers\\authController.js","statementMap":{"0":{"start":{"line":1,"column":13},"end":{"line":1,"column":38}},"1":{"start":{"line":2,"column":42},"end":{"line":2,"column":71}},"2":{"start":{"line":3,"column":19},"end":{"line":3,"column":48}},"3":{"start":{"line":4,"column":15},"end":{"line":4,"column":42}},"4":{"start":{"line":5,"column":12},"end":{"line":5,"column":26}},"5":{"start":{"line":8,"column":23},"end":{"line":12,"column":2}},"6":{"start":{"line":14,"column":20},"end":{"line":17,"column":2}},"7":{"start":{"line":20,"column":17},"end":{"line":81,"column":1}},"8":{"start":{"line":21,"column":2},"end":{"line":80,"column":3}},"9":{"start":{"line":23,"column":29},"end":{"line":23,"column":62}},"10":{"start":{"line":24,"column":4},"end":{"line":29,"column":5}},"11":{"start":{"line":25,"column":6},"end":{"line":28,"column":9}},"12":{"start":{"line":31,"column":38},"end":{"line":31,"column":43}},"13":{"start":{"line":34,"column":25},"end":{"line":34,"column":54}},"14":{"start":{"line":35,"column":4},"end":{"line":40,"column":5}},"15":{"start":{"line":36,"column":6},"end":{"line":39,"column":9}},"16":{"start":{"line":43,"column":17},"end":{"line":43,"column":52}},"17":{"start":{"line":44,"column":4},"end":{"line":44,"column":22}},"18":{"start":{"line":47,"column":4},"end":{"line":54,"column":5}},"19":{"start":{"line":48,"column":6},"end":{"line":51,"column":8}},"20":{"start":{"line":53,"column":6},"end":{"line":53,"column":60}},"21":{"start":{"line":57,"column":18},"end":{"line":57,"column":41}},"22":{"start":{"line":59,"column":4},"end":{"line":59,"column":77}},"23":{"start":{"line":61,"column":4},"end":{"line":73,"column":7}},"24":{"start":{"line":75,"column":4},"end":{"line":75,"column":43}},"25":{"start":{"line":76,"column":4},"end":{"line":79,"column":7}},"26":{"start":{"line":84,"column":14},"end":{"line":174,"column":1}},"27":{"start":{"line":85,"column":2},"end":{"line":173,"column":3}},"28":{"start":{"line":87,"column":29},"end":{"line":87,"column":59}},"29":{"start":{"line":88,"column":4},"end":{"line":93,"column":5}},"30":{"start":{"line":89,"column":6},"end":{"line":92,"column":9}},"31":{"start":{"line":95,"column":32},"end":{"line":95,"column":37}},"32":{"start":{"line":98,"column":17},"end":{"line":98,"column":66}},"33":{"start":{"line":99,"column":4},"end":{"line":104,"column":5}},"34":{"start":{"line":100,"column":6},"end":{"line":103,"column":9}},"35":{"start":{"line":107,"column":4},"end":{"line":112,"column":5}},"36":{"start":{"line":108,"column":6},"end":{"line":111,"column":9}},"37":{"start":{"line":115,"column":28},"end":{"line":115,"column":64}},"38":{"start":{"line":116,"column":4},"end":{"line":122,"column":5}},"39":{"start":{"line":117,"column":6},"end":{"line":117,"column":36}},"40":{"start":{"line":118,"column":6},"end":{"line":121,"column":9}},"41":{"start":{"line":125,"column":4},"end":{"line":130,"column":5}},"42":{"start":{"line":126,"column":6},"end":{"line":129,"column":9}},"43":{"start":{"line":133,"column":4},"end":{"line":133,"column":27}},"44":{"start":{"line":134,"column":4},"end":{"line":134,"column":31}},"45":{"start":{"line":135,"column":4},"end":{"line":135,"column":32}},"46":{"start":{"line":136,"column":4},"end":{"line":136,"column":22}},"47":{"start":{"line":139,"column":4},"end":{"line":146,"column":5}},"48":{"start":{"line":140,"column":6},"end":{"line":143,"column":8}},"49":{"start":{"line":145,"column":6},"end":{"line":145,"column":60}},"50":{"start":{"line":149,"column":18},"end":{"line":149,"column":41}},"51":{"start":{"line":151,"column":4},"end":{"line":151,"column":76}},"52":{"start":{"line":153,"column":4},"end":{"line":166,"column":7}},"53":{"start":{"line":168,"column":4},"end":{"line":168,"column":40}},"54":{"start":{"line":169,"column":4},"end":{"line":172,"column":7}},"55":{"start":{"line":177,"column":15},"end":{"line":195,"column":1}},"56":{"start":{"line":178,"column":2},"end":{"line":194,"column":3}},"57":{"start":{"line":180,"column":4},"end":{"line":180,"column":36}},"58":{"start":{"line":182,"column":4},"end":{"line":182,"column":72}},"59":{"start":{"line":184,"column":4},"end":{"line":187,"column":7}},"60":{"start":{"line":189,"column":4},"end":{"line":189,"column":41}},"61":{"start":{"line":190,"column":4},"end":{"line":193,"column":7}},"62":{"start":{"line":198,"column":19},"end":{"line":229,"column":1}},"63":{"start":{"line":199,"column":2},"end":{"line":228,"column":3}},"64":{"start":{"line":200,"column":17},"end":{"line":200,"column":68}},"65":{"start":{"line":201,"column":4},"end":{"line":206,"column":5}},"66":{"start":{"line":202,"column":6},"end":{"line":205,"column":9}},"67":{"start":{"line":208,"column":4},"end":{"line":221,"column":7}},"68":{"start":{"line":223,"column":4},"end":{"line":223,"column":46}},"69":{"start":{"line":224,"column":4},"end":{"line":227,"column":7}},"70":{"start":{"line":231,"column":0},"end":{"line":236,"column":2}}},"fnMap":{"0":{"name":"(anonymous_0)","decl":{"start":{"line":20,"column":17},"end":{"line":20,"column":18}},"loc":{"start":{"line":20,"column":37},"end":{"line":81,"column":1}},"line":20},"1":{"name":"(anonymous_1)","decl":{"start":{"line":84,"column":14},"end":{"line":84,"column":15}},"loc":{"start":{"line":84,"column":34},"end":{"line":174,"column":1}},"line":84},"2":{"name":"(anonymous_2)","decl":{"start":{"line":177,"column":15},"end":{"line":177,"column":16}},"loc":{"start":{"line":177,"column":35},"end":{"line":195,"column":1}},"line":177},"3":{"name":"(anonymous_3)","decl":{"start":{"line":198,"column":19},"end":{"line":198,"column":20}},"loc":{"start":{"line":198,"column":39},"end":{"line":229,"column":1}},"line":198}},"branchMap":{"0":{"loc":{"start":{"line":24,"column":4},"end":{"line":29,"column":5}},"type":"if","locations":[{"start":{"line":24,"column":4},"end":{"line":29,"column":5}},{"start":{},"end":{}}],"line":24},"1":{"loc":{"start":{"line":35,"column":4},"end":{"line":40,"column":5}},"type":"if","locations":[{"start":{"line":35,"column":4},"end":{"line":40,"column":5}},{"start":{},"end":{}}],"line":35},"2":{"loc":{"start":{"line":88,"column":4},"end":{"line":93,"column":5}},"type":"if","locations":[{"start":{"line":88,"column":4},"end":{"line":93,"column":5}},{"start":{},"end":{}}],"line":88},"3":{"loc":{"start":{"line":99,"column":4},"end":{"line":104,"column":5}},"type":"if","locations":[{"start":{"line":99,"column":4},"end":{"line":104,"column":5}},{"start":{},"end":{}}],"line":99},"4":{"loc":{"start":{"line":107,"column":4},"end":{"line":112,"column":5}},"type":"if","locations":[{"start":{"line":107,"column":4},"end":{"line":112,"column":5}},{"start":{},"end":{}}],"line":107},"5":{"loc":{"start":{"line":116,"column":4},"end":{"line":122,"column":5}},"type":"if","locations":[{"start":{"line":116,"column":4},"end":{"line":122,"column":5}},{"start":{},"end":{}}],"line":116},"6":{"loc":{"start":{"line":125,"column":4},"end":{"line":130,"column":5}},"type":"if","locations":[{"start":{"line":125,"column":4},"end":{"line":130,"column":5}},{"start":{},"end":{}}],"line":125},"7":{"loc":{"start":{"line":201,"column":4},"end":{"line":206,"column":5}},"type":"if","locations":[{"start":{"line":201,"column":4},"end":{"line":206,"column":5}},{"start":{},"end":{}}],"line":201}},"s":{"0":1,"1":1,"2":1,"3":1,"4":1,"5":1,"6":1,"7":1,"8":0,"9":0,"10":0,"11":0,"12":0,"13":0,"14":0,"15":0,"16":0,"17":0,"18":0,"19":0,"20":0,"21":0,"22":0,"23":0,"24":0,"25":0,"26":1,"27":0,"28":0,"29":0,"30":0,"31":0,"32":0,"33":0,"34":0,"35":0,"36":0,"37":0,"38":0,"39":0,"40":0,"41":0,"42":0,"43":0,"44":0,"45":0,"46":0,"47":0,"48":0,"49":0,"50":0,"51":0,"52":0,"53":0,"54":0,"55":1,"56":0,"57":0,"58":0,"59":0,"60":0,"61":0,"62":1,"63":0,"64":0,"65":0,"66":0,"67":0,"68":0,"69":0,"70":1},"f":{"0":0,"1":0,"2":0,"3":0},"b":{"0":[0,0],"1":[0,0],"2":[0,0],"3":[0,0],"4":[0,0],"5":[0,0],"6":[0,0],"7":[0,0]},"_coverageSchema":"1a1c01bbd47fc00a2c39e90264f33305004495a9","hash":"4f8de4a7511b5c5394a58c853e308b1ec5f6c1d9"}
,"C:\\Users\\PRIYANSHU\\devops-pipeline\\src\\middleware\\auth.js": {"path":"C:\\Users\\PRIYANSHU\\devops-pipeline\\src\\middleware\\auth.js","statementMap":{"0":{"start":{"line":1,"column":12},"end":{"line":1,"column":35}},"1":{"start":{"line":2,"column":22},"end":{"line":2,"column":37}},"2":{"start":{"line":3,"column":24},"end":{"line":3,"column":53}},"3":{"start":{"line":4,"column":15},"end":{"line":4,"column":42}},"4":{"start":{"line":6,"column":19},"end":{"line":6,"column":89}},"5":{"start":{"line":7,"column":23},"end":{"line":7,"column":57}},"6":{"start":{"line":10,"column":22},"end":{"line":14,"column":1}},"7":{"start":{"line":11,"column":2},"end":{"line":13,"column":5}},"8":{"start":{"line":17,"column":20},"end":{"line":56,"column":1}},"9":{"start":{"line":18,"column":2},"end":{"line":55,"column":3}},"10":{"start":{"line":22,"column":4},"end":{"line":24,"column":5}},"11":{"start":{"line":23,"column":6},"end":{"line":23,"column":54}},"12":{"start":{"line":26,"column":4},"end":{"line":31,"column":5}},"13":{"start":{"line":27,"column":6},"end":{"line":30,"column":9}},"14":{"start":{"line":34,"column":26},"end":{"line":34,"column":69}},"15":{"start":{"line":35,"column":4},"end":{"line":40,"column":5}},"16":{"start":{"line":36,"column":6},"end":{"line":39,"column":9}},"17":{"start":{"line":43,"column":20},"end":{"line":43,"column":66}},"18":{"start":{"line":44,"column":4},"end":{"line":44,"column":32}},"19":{"start":{"line":45,"column":4},"end":{"line":45,"column":22}},"20":{"start":{"line":47,"column":4},"end":{"line":47,"column":75}},"21":{"start":{"line":48,"column":4},"end":{"line":48,"column":11}},"22":{"start":{"line":50,"column":4},"end":{"line":50,"column":54}},"23":{"start":{"line":51,"column":4},"end":{"line":54,"column":7}},"24":{"start":{"line":59,"column":23},"end":{"line":68,"column":1}},"25":{"start":{"line":60,"column":2},"end":{"line":67,"column":3}},"26":{"start":{"line":61,"column":20},"end":{"line":61,"column":37}},"27":{"start":{"line":62,"column":22},"end":{"line":62,"column":65}},"28":{"start":{"line":63,"column":4},"end":{"line":63,"column":69}},"29":{"start":{"line":64,"column":4},"end":{"line":64,"column":50}},"30":{"start":{"line":66,"column":4},"end":{"line":66,"column":53}},"31":{"start":{"line":70,"column":0},"end":{"line":74,"column":2}}},"fnMap":{"0":{"name":"(anonymous_0)","decl":{"start":{"line":10,"column":22},"end":{"line":10,"column":23}},"loc":{"start":{"line":10,"column":34},"end":{"line":14,"column":1}},"line":10},"1":{"name":"(anonymous_1)","decl":{"start":{"line":17,"column":20},"end":{"line":17,"column":21}},"loc":{"start":{"line":17,"column":46},"end":{"line":56,"column":1}},"line":17},"2":{"name":"(anonymous_2)","decl":{"start":{"line":59,"column":23},"end":{"line":59,"column":24}},"loc":{"start":{"line":59,"column":40},"end":{"line":68,"column":1}},"line":59}},"branchMap":{"0":{"loc":{"start":{"line":6,"column":19},"end":{"line":6,"column":89}},"type":"binary-expr","locations":[{"start":{"line":6,"column":19},"end":{"line":6,"column":41}},{"start":{"line":6,"column":45},"end":{"line":6,"column":89}}],"line":6},"1":{"loc":{"start":{"line":7,"column":23},"end":{"line":7,"column":57}},"type":"binary-expr","locations":[{"start":{"line":7,"column":23},"end":{"line":7,"column":49}},{"start":{"line":7,"column":53},"end":{"line":7,"column":57}}],"line":7},"2":{"loc":{"start":{"line":22,"column":4},"end":{"line":24,"column":5}},"type":"if","locations":[{"start":{"line":22,"column":4},"end":{"line":24,"column":5}},{"start":{},"end":{}}],"line":22},"3":{"loc":{"start":{"line":22,"column":8},"end":{"line":22,"column":83}},"type":"binary-expr","locations":[{"start":{"line":22,"column":8},"end":{"line":22,"column":33}},{"start":{"line":22,"column":37},"end":{"line":22,"column":83}}],"line":22},"4":{"loc":{"start":{"line":26,"column":4},"end":{"line":31,"column":5}},"type":"if","locations":[{"start":{"line":26,"column":4},"end":{"line":31,"column":5}},{"start":{},"end":{}}],"line":26},"5":{"loc":{"start":{"line":35,"column":4},"end":{"line":40,"column":5}},"type":"if","locations":[{"start":{"line":35,"column":4},"end":{"line":40,"column":5}},{"start":{},"end":{}}],"line":35}},"s":{"0":1,"1":1,"2":1,"3":1,"4":1,"5":1,"6":1,"7":0,"8":1,"9":0,"10":0,"11":0,"12":0,"13":0,"14":0,"15":0,"16":0,"17":0,"18":0,"19":0,"20":0,"21":0,"22":0,"23":0,"24":1,"25":0,"26":0,"27":0,"28":0,"29":0,"30":0,"31":1},"f":{"0":0,"1":0,"2":0},"b":{"0":[1,0],"1":[1,0],"2":[0,0],"3":[0,0],"4":[0,0],"5":[0,0]},"_coverageSchema":"1a1c01bbd47fc00a2c39e90264f33305004495a9","hash":"c1d024a1cefe9ae25b94aada9720f7c50b3d05ae"}
,"C:\\Users\\PRIYANSHU\\devops-pipeline\\src\\middleware\\rateLimiter.js": {"path":"C:\\Users\\PRIYANSHU\\devops-pipeline\\src\\middleware\\rateLimiter.js","statementMap":{"0":{"start":{"line":1,"column":29},"end":{"line":1,"column":61}},"1":{"start":{"line":2,"column":24},"end":{"line":2,"column":53}},"2":{"start":{"line":3,"column":15},"end":{"line":3,"column":42}},"3":{"start":{"line":6,"column":19},"end":{"line":11,"column":2}},"4":{"start":{"line":14,"column":20},"end":{"line":20,"column":2}},"5":{"start":{"line":22,"column":34},"end":{"line":45,"column":1}},"6":{"start":{"line":23,"column":2},"end":{"line":44,"column":4}},"7":{"start":{"line":24,"column":4},"end":{"line":43,"column":5}},"8":{"start":{"line":25,"column":6},"end":{"line":25,"column":36}},"9":{"start":{"line":26,"column":6},"end":{"line":26,"column":13}},"10":{"start":{"line":28,"column":30},"end":{"line":28,"column":57}},"11":{"start":{"line":29,"column":27},"end":{"line":29,"column":54}},"12":{"start":{"line":31,"column":6},"end":{"line":36,"column":9}},"13":{"start":{"line":38,"column":6},"end":{"line":42,"column":9}},"14":{"start":{"line":47,"column":0},"end":{"line":50,"column":2}}},"fnMap":{"0":{"name":"(anonymous_0)","decl":{"start":{"line":22,"column":34},"end":{"line":22,"column":35}},"loc":{"start":{"line":22,"column":61},"end":{"line":45,"column":1}},"line":22},"1":{"name":"(anonymous_1)","decl":{"start":{"line":23,"column":9},"end":{"line":23,"column":10}},"loc":{"start":{"line":23,"column":35},"end":{"line":44,"column":3}},"line":23}},"branchMap":{"0":{"loc":{"start":{"line":22,"column":44},"end":{"line":22,"column":56}},"type":"default-arg","locations":[{"start":{"line":22,"column":51},"end":{"line":22,"column":56}}],"line":22},"1":{"loc":{"start":{"line":28,"column":30},"end":{"line":28,"column":57}},"type":"binary-expr","locations":[{"start":{"line":28,"column":30},"end":{"line":28,"column":52}},{"start":{"line":28,"column":56},"end":{"line":28,"column":57}}],"line":28},"2":{"loc":{"start":{"line":29,"column":27},"end":{"line":29,"column":54}},"type":"binary-expr","locations":[{"start":{"line":29,"column":27},"end":{"line":29,"column":46}},{"start":{"line":29,"column":50},"end":{"line":29,"column":54}}],"line":29}},"s":{"0":1,"1":1,"2":1,"3":1,"4":1,"5":1,"6":2,"7":0,"8":0,"9":0,"10":0,"11":0,"12":0,"13":0,"14":1},"f":{"0":2,"1":0},"b":{"0":[0],"1":[0,0],"2":[0,0]},"_coverageSchema":"1a1c01bbd47fc00a2c39e90264f33305004495a9","hash":"a18e3be7b78ffcba3ab563bf62ddd9cf705505e1"}
,"C:\\Users\\PRIYANSHU\\devops-pipeline\\src\\models\\User.js": {"path":"C:\\Users\\PRIYANSHU\\devops-pipeline\\src\\models\\User.js","statementMap":{"0":{"start":{"line":1,"column":17},"end":{"line":1,"column":36}},"1":{"start":{"line":2,"column":15},"end":{"line":2,"column":32}},"2":{"start":{"line":4,"column":19},"end":{"line":49,"column":2}},"3":{"start":{"line":52,"column":0},"end":{"line":52,"column":31}},"4":{"start":{"line":53,"column":0},"end":{"line":53,"column":36}},"5":{"start":{"line":56,"column":0},"end":{"line":62,"column":3}},"6":{"start":{"line":57,"column":2},"end":{"line":57,"column":50}},"7":{"start":{"line":57,"column":36},"end":{"line":57,"column":50}},"8":{"start":{"line":59,"column":2},"end":{"line":59,"column":55}},"9":{"start":{"line":60,"column":2},"end":{"line":60,"column":30}},"10":{"start":{"line":61,"column":2},"end":{"line":61,"column":9}},"11":{"start":{"line":65,"column":0},"end":{"line":67,"column":2}},"12":{"start":{"line":66,"column":2},"end":{"line":66,"column":64}},"13":{"start":{"line":70,"column":0},"end":{"line":72,"column":2}},"14":{"start":{"line":71,"column":2},"end":{"line":71,"column":59}},"15":{"start":{"line":75,"column":0},"end":{"line":94,"column":2}},"16":{"start":{"line":77,"column":2},"end":{"line":82,"column":3}},"17":{"start":{"line":78,"column":4},"end":{"line":81,"column":7}},"18":{"start":{"line":84,"column":18},"end":{"line":84,"column":48}},"19":{"start":{"line":87,"column":2},"end":{"line":91,"column":3}},"20":{"start":{"line":88,"column":4},"end":{"line":90,"column":6}},"21":{"start":{"line":93,"column":2},"end":{"line":93,"column":33}},"22":{"start":{"line":96,"column":0},"end":{"line":96,"column":52}}},"fnMap":{"0":{"name":"(anonymous_0)","decl":{"start":{"line":56,"column":23},"end":{"line":56,"column":24}},"loc":{"start":{"line":56,"column":44},"end":{"line":62,"column":1}},"line":56},"1":{"name":"(anonymous_1)","decl":{"start":{"line":65,"column":37},"end":{"line":65,"column":38}},"loc":{"start":{"line":65,"column":71},"end":{"line":67,"column":1}},"line":65},"2":{"name":"(anonymous_2)","decl":{"start":{"line":70,"column":30},"end":{"line":70,"column":31}},"loc":{"start":{"line":70,"column":41},"end":{"line":72,"column":1}},"line":70},"3":{"name":"(anonymous_3)","decl":{"start":{"line":75,"column":38},"end":{"line":75,"column":39}},"loc":{"start":{"line":75,"column":49},"end":{"line":94,"column":1}},"line":75}},"branchMap":{"0":{"loc":{"start":{"line":57,"column":2},"end":{"line":57,"column":50}},"type":"if","locations":[{"start":{"line":57,"column":2},"end":{"line":57,"column":50}},{"start":{},"end":{}}],"line":57},"1":{"loc":{"start":{"line":71,"column":12},"end":{"line":71,"column":57}},"type":"binary-expr","locations":[{"start":{"line":71,"column":12},"end":{"line":71,"column":26}},{"start":{"line":71,"column":30},"end":{"line":71,"column":57}}],"line":71},"2":{"loc":{"start":{"line":77,"column":2},"end":{"line":82,"column":3}},"type":"if","locations":[{"start":{"line":77,"column":2},"end":{"line":82,"column":3}},{"start":{},"end":{}}],"line":77},"3":{"loc":{"start":{"line":77,"column":6},"end":{"line":77,"column":51}},"type":"binary-expr","locations":[{"start":{"line":77,"column":6},"end":{"line":77,"column":20}},{"start":{"line":77,"column":24},"end":{"line":77,"column":51}}],"line":77},"4":{"loc":{"start":{"line":87,"column":2},"end":{"line":91,"column":3}},"type":"if","locations":[{"start":{"line":87,"column":2},"end":{"line":91,"column":3}},{"start":{},"end":{}}],"line":87},"5":{"loc":{"start":{"line":87,"column":6},"end":{"line":87,"column":53}},"type":"binary-expr","locations":[{"start":{"line":87,"column":6},"end":{"line":87,"column":33}},{"start":{"line":87,"column":37},"end":{"line":87,"column":53}}],"line":87}},"s":{"0":1,"1":1,"2":1,"3":1,"4":1,"5":1,"6":0,"7":0,"8":0,"9":0,"10":0,"11":1,"12":0,"13":1,"14":0,"15":1,"16":0,"17":0,"18":0,"19":0,"20":0,"21":0,"22":1},"f":{"0":0,"1":0,"2":0,"3":0},"b":{"0":[0,0],"1":[0,0],"2":[0,0],"3":[0,0],"4":[0,0],"5":[0,0]},"_coverageSchema":"1a1c01bbd47fc00a2c39e90264f33305004495a9","hash":"de174acfd59f22878cf61b1532da53a8208e8bc8"}
,"C:\\Users\\PRIYANSHU\\devops-pipeline\\src\\routes\\api.js": {"path":"C:\\Users\\PRIYANSHU\\devops-pipeline\\src\\routes\\api.js","statementMap":{"0":{"start":{"line":1,"column":16},"end":{"line":1,"column":34}},"1":{"start":{"line":2,"column":24},"end":{"line":2,"column":53}},"2":{"start":{"line":3,"column":25},"end":{"line":3,"column":61}},"3":{"start":{"line":4,"column":19},"end":{"line":4,"column":48}},"4":{"start":{"line":5,"column":15},"end":{"line":5,"column":42}},"5":{"start":{"line":7,"column":15},"end":{"line":7,"column":31}},"6":{"start":{"line":10,"column":0},"end":{"line":36,"column":3}},"7":{"start":{"line":11,"column":2},"end":{"line":35,"column":3}},"8":{"start":{"line":12,"column":19},"end":{"line":21,"column":6}},"9":{"start":{"line":23,"column":4},"end":{"line":28,"column":7}},"10":{"start":{"line":30,"column":4},"end":{"line":30,"column":44}},"11":{"start":{"line":31,"column":4},"end":{"line":34,"column":7}},"12":{"start":{"line":39,"column":0},"end":{"line":80,"column":3}},"13":{"start":{"line":40,"column":17},"end":{"line":44,"column":3}},"14":{"start":{"line":46,"column":2},"end":{"line":52,"column":3}},"15":{"start":{"line":48,"column":4},"end":{"line":48,"column":35}},"16":{"start":{"line":49,"column":4},"end":{"line":49,"column":27}},"17":{"start":{"line":51,"column":4},"end":{"line":51,"column":59}},"18":{"start":{"line":54,"column":2},"end":{"line":62,"column":3}},"19":{"start":{"line":56,"column":21},"end":{"line":56,"column":40}},"20":{"start":{"line":57,"column":4},"end":{"line":59,"column":5}},"21":{"start":{"line":58,"column":6},"end":{"line":58,"column":28}},"22":{"start":{"line":61,"column":4},"end":{"line":61,"column":56}},"23":{"start":{"line":64,"column":2},"end":{"line":71,"column":3}},"24":{"start":{"line":66,"column":28},"end":{"line":66,"column":57}},"25":{"start":{"line":67,"column":4},"end":{"line":67,"column":29}},"26":{"start":{"line":68,"column":4},"end":{"line":68,"column":24}},"27":{"start":{"line":70,"column":4},"end":{"line":70,"column":54}},"28":{"start":{"line":73,"column":21},"end":{"line":73,"column":75}},"29":{"start":{"line":73,"column":59},"end":{"line":73,"column":74}},"30":{"start":{"line":75,"column":2},"end":{"line":79,"column":5}},"31":{"start":{"line":82,"column":0},"end":{"line":82,"column":24}}},"fnMap":{"0":{"name":"(anonymous_0)","decl":{"start":{"line":10,"column":52},"end":{"line":10,"column":53}},"loc":{"start":{"line":10,"column":72},"end":{"line":36,"column":1}},"line":10},"1":{"name":"(anonymous_1)","decl":{"start":{"line":39,"column":32},"end":{"line":39,"column":33}},"loc":{"start":{"line":39,"column":52},"end":{"line":80,"column":1}},"line":39},"2":{"name":"(anonymous_2)","decl":{"start":{"line":73,"column":49},"end":{"line":73,"column":50}},"loc":{"start":{"line":73,"column":59},"end":{"line":73,"column":74}},"line":73}},"branchMap":{"0":{"loc":{"start":{"line":57,"column":4},"end":{"line":59,"column":5}},"type":"if","locations":[{"start":{"line":57,"column":4},"end":{"line":59,"column":5}},{"start":{},"end":{}}],"line":57},"1":{"loc":{"start":{"line":75,"column":13},"end":{"line":75,"column":35}},"type":"cond-expr","locations":[{"start":{"line":75,"column":26},"end":{"line":75,"column":29}},{"start":{"line":75,"column":32},"end":{"line":75,"column":35}}],"line":75},"2":{"loc":{"start":{"line":76,"column":12},"end":{"line":76,"column":48}},"type":"cond-expr","locations":[{"start":{"line":76,"column":25},"end":{"line":76,"column":34}},{"start":{"line":76,"column":37},"end":{"line":76,"column":48}}],"line":76}},"s":{"0":1,"1":1,"2":1,"3":1,"4":1,"5":1,"6":1,"7":0,"8":0,"9":0,"10":0,"11":0,"12":1,"13":0,"14":0,"15":0,"16":0,"17":0,"18":0,"19":0,"20":0,"21":0,"22":0,"23":0,"24":0,"25":0,"26":0,"27":0,"28":0,"29":0,"30":0,"31":1},"f":{"0":0,"1":0,"2":0},"b":{"0":[0,0],"1":[0,0],"2":[0,0]},"_coverageSchema":"1a1c01bbd47fc00a2c39e90264f33305004495a9","hash":"6db765081fd61a70e0b6f37f584ba490787a87ef"}
,"C:\\Users\\PRIYANSHU\\devops-pipeline\\src\\routes\\auth.js": {"path":"C:\\Users\\PRIYANSHU\\devops-pipeline\\src\\routes\\auth.js","statementMap":{"0":{"start":{"line":1,"column":16},"end":{"line":1,"column":34}},"1":{"start":{"line":2,"column":48},"end":{"line":2,"column":88}},"2":{"start":{"line":3,"column":24},"end":{"line":3,"column":53}},"3":{"start":{"line":4,"column":40},"end":{"line":4,"column":76}},"4":{"start":{"line":6,"column":15},"end":{"line":6,"column":31}},"5":{"start":{"line":9,"column":0},"end":{"line":9,"column":50}},"6":{"start":{"line":10,"column":0},"end":{"line":10,"column":44}},"7":{"start":{"line":13,"column":0},"end":{"line":13,"column":58}},"8":{"start":{"line":14,"column":0},"end":{"line":14,"column":62}},"9":{"start":{"line":16,"column":0},"end":{"line":16,"column":24}}},"fnMap":{},"branchMap":{},"s":{"0":1,"1":1,"2":1,"3":1,"4":1,"5":1,"6":1,"7":1,"8":1,"9":1},"f":{},"b":{},"_coverageSchema":"1a1c01bbd47fc00a2c39e90264f33305004495a9","hash":"3fd0496854c3e1692b11338b543ccf4bc4134e5d"}
}
