TN:
SF:src\index.js
FN:41,(anonymous_0)
FN:45,(anonymous_1)
FN:65,(anonymous_2)
FN:84,(anonymous_3)
FN:103,(anonymous_4)
FN:145,(anonymous_5)
FN:155,(anonymous_6)
FN:164,(anonymous_7)
FN:173,(anonymous_8)
FN:182,(anonymous_9)
FN:184,(anonymous_10)
FN:190,(anonymous_11)
FN:191,(anonymous_12)
FNF:13
FNH:6
FNDA:4,(anonymous_0)
FNDA:4,(anonymous_1)
FNDA:1,(anonymous_2)
FNDA:1,(anonymous_3)
FNDA:1,(anonymous_4)
FNDA:0,(anonymous_5)
FNDA:1,(anonymous_6)
FNDA:0,(anonymous_7)
FNDA:0,(anonymous_8)
FNDA:0,(anonymous_9)
FNDA:0,(anonymous_10)
FNDA:0,(anonymous_11)
FNDA:0,(anonymous_12)
DA:1,1
DA:2,1
DA:3,1
DA:4,1
DA:5,1
DA:6,1
DA:7,1
DA:8,1
DA:11,1
DA:12,1
DA:14,1
DA:15,1
DA:18,1
DA:25,1
DA:35,1
DA:36,1
DA:37,1
DA:38,1
DA:41,1
DA:42,4
DA:43,4
DA:45,4
DA:46,4
DA:47,4
DA:48,1
DA:51,4
DA:61,4
DA:65,1
DA:66,1
DA:84,1
DA:85,1
DA:99,1
DA:103,1
DA:104,1
DA:105,1
DA:107,1
DA:136,1
DA:137,1
DA:141,1
DA:142,1
DA:145,1
DA:146,0
DA:147,0
DA:148,0
DA:155,1
DA:156,1
DA:164,1
DA:165,0
DA:167,0
DA:170,0
DA:173,0
DA:174,0
DA:175,0
DA:176,0
DA:177,0
DA:178,0
DA:182,0
DA:183,0
DA:184,0
DA:185,0
DA:186,0
DA:190,0
DA:191,0
DA:194,0
DA:195,0
DA:200,1
DA:201,0
DA:204,1
LF:68
LH:46
BRDA:15,0,0,1
BRDA:15,0,1,0
BRDA:47,1,0,1
BRDA:47,1,1,3
BRDA:70,2,0,1
BRDA:70,2,1,0
BRDA:90,3,0,1
BRDA:90,3,1,0
BRDA:133,4,0,1
BRDA:133,4,1,0
BRDA:178,5,0,0
BRDA:178,5,1,0
BRDA:200,6,0,0
BRDA:200,6,1,1
BRF:14
BRH:7
end_of_record
TN:
SF:src\controllers\authController.js
FN:20,(anonymous_0)
FN:84,(anonymous_1)
FN:177,(anonymous_2)
FN:198,(anonymous_3)
FNF:4
FNH:0
FNDA:0,(anonymous_0)
FNDA:0,(anonymous_1)
FNDA:0,(anonymous_2)
FNDA:0,(anonymous_3)
DA:1,1
DA:2,1
DA:3,1
DA:4,1
DA:5,1
DA:8,1
DA:14,1
DA:20,1
DA:21,0
DA:23,0
DA:24,0
DA:25,0
DA:31,0
DA:34,0
DA:35,0
DA:36,0
DA:43,0
DA:44,0
DA:47,0
DA:48,0
DA:53,0
DA:57,0
DA:59,0
DA:61,0
DA:75,0
DA:76,0
DA:84,1
DA:85,0
DA:87,0
DA:88,0
DA:89,0
DA:95,0
DA:98,0
DA:99,0
DA:100,0
DA:107,0
DA:108,0
DA:115,0
DA:116,0
DA:117,0
DA:118,0
DA:125,0
DA:126,0
DA:133,0
DA:134,0
DA:135,0
DA:136,0
DA:139,0
DA:140,0
DA:145,0
DA:149,0
DA:151,0
DA:153,0
DA:168,0
DA:169,0
DA:177,1
DA:178,0
DA:180,0
DA:182,0
DA:184,0
DA:189,0
DA:190,0
DA:198,1
DA:199,0
DA:200,0
DA:201,0
DA:202,0
DA:208,0
DA:223,0
DA:224,0
DA:231,1
LF:71
LH:12
BRDA:24,0,0,0
BRDA:24,0,1,0
BRDA:35,1,0,0
BRDA:35,1,1,0
BRDA:88,2,0,0
BRDA:88,2,1,0
BRDA:99,3,0,0
BRDA:99,3,1,0
BRDA:107,4,0,0
BRDA:107,4,1,0
BRDA:116,5,0,0
BRDA:116,5,1,0
BRDA:125,6,0,0
BRDA:125,6,1,0
BRDA:201,7,0,0
BRDA:201,7,1,0
BRF:16
BRH:0
end_of_record
TN:
SF:src\middleware\auth.js
FN:10,(anonymous_0)
FN:17,(anonymous_1)
FN:59,(anonymous_2)
FNF:3
FNH:0
FNDA:0,(anonymous_0)
FNDA:0,(anonymous_1)
FNDA:0,(anonymous_2)
DA:1,1
DA:2,1
DA:3,1
DA:4,1
DA:6,1
DA:7,1
DA:10,1
DA:11,0
DA:17,1
DA:18,0
DA:22,0
DA:23,0
DA:26,0
DA:27,0
DA:34,0
DA:35,0
DA:36,0
DA:43,0
DA:44,0
DA:45,0
DA:47,0
DA:48,0
DA:50,0
DA:51,0
DA:59,1
DA:60,0
DA:61,0
DA:62,0
DA:63,0
DA:64,0
DA:66,0
DA:70,1
LF:32
LH:10
BRDA:6,0,0,1
BRDA:6,0,1,0
BRDA:7,1,0,1
BRDA:7,1,1,0
BRDA:22,2,0,0
BRDA:22,2,1,0
BRDA:22,3,0,0
BRDA:22,3,1,0
BRDA:26,4,0,0
BRDA:26,4,1,0
BRDA:35,5,0,0
BRDA:35,5,1,0
BRF:12
BRH:2
end_of_record
TN:
SF:src\middleware\rateLimiter.js
FN:22,(anonymous_0)
FN:23,(anonymous_1)
FNF:2
FNH:1
FNDA:2,(anonymous_0)
FNDA:0,(anonymous_1)
DA:1,1
DA:2,1
DA:3,1
DA:6,1
DA:14,1
DA:22,1
DA:23,2
DA:24,0
DA:25,0
DA:26,0
DA:28,0
DA:29,0
DA:31,0
DA:38,0
DA:47,1
LF:15
LH:8
BRDA:22,0,0,0
BRDA:28,1,0,0
BRDA:28,1,1,0
BRDA:29,2,0,0
BRDA:29,2,1,0
BRF:5
BRH:0
end_of_record
TN:
SF:src\models\User.js
FN:56,(anonymous_0)
FN:65,(anonymous_1)
FN:70,(anonymous_2)
FN:75,(anonymous_3)
FNF:4
FNH:0
FNDA:0,(anonymous_0)
FNDA:0,(anonymous_1)
FNDA:0,(anonymous_2)
FNDA:0,(anonymous_3)
DA:1,1
DA:2,1
DA:4,1
DA:52,1
DA:53,1
DA:56,1
DA:57,0
DA:59,0
DA:60,0
DA:61,0
DA:65,1
DA:66,0
DA:70,1
DA:71,0
DA:75,1
DA:77,0
DA:78,0
DA:84,0
DA:87,0
DA:88,0
DA:93,0
DA:96,1
LF:22
LH:10
BRDA:57,0,0,0
BRDA:57,0,1,0
BRDA:71,1,0,0
BRDA:71,1,1,0
BRDA:77,2,0,0
BRDA:77,2,1,0
BRDA:77,3,0,0
BRDA:77,3,1,0
BRDA:87,4,0,0
BRDA:87,4,1,0
BRDA:87,5,0,0
BRDA:87,5,1,0
BRF:12
BRH:0
end_of_record
TN:
SF:src\routes\api.js
FN:10,(anonymous_0)
FN:39,(anonymous_1)
FN:73,(anonymous_2)
FNF:3
FNH:0
FNDA:0,(anonymous_0)
FNDA:0,(anonymous_1)
FNDA:0,(anonymous_2)
DA:1,1
DA:2,1
DA:3,1
DA:4,1
DA:5,1
DA:7,1
DA:10,1
DA:11,0
DA:12,0
DA:23,0
DA:30,0
DA:31,0
DA:39,1
DA:40,0
DA:46,0
DA:48,0
DA:49,0
DA:51,0
DA:54,0
DA:56,0
DA:57,0
DA:58,0
DA:61,0
DA:64,0
DA:66,0
DA:67,0
DA:68,0
DA:70,0
DA:73,0
DA:75,0
DA:82,1
LF:31
LH:9
BRDA:57,0,0,0
BRDA:57,0,1,0
BRDA:75,1,0,0
BRDA:75,1,1,0
BRDA:76,2,0,0
BRDA:76,2,1,0
BRF:6
BRH:0
end_of_record
TN:
SF:src\routes\auth.js
FNF:0
FNH:0
DA:1,1
DA:2,1
DA:3,1
DA:4,1
DA:6,1
DA:9,1
DA:10,1
DA:13,1
DA:14,1
DA:16,1
LF:10
LH:10
BRF:0
BRH:0
end_of_record
